<?xml version="1.0" encoding="UTF-8"?>
<!-- Generated by org.testng.reporters.JUnitReportReporter -->
<testsuite hostname="Omkar-Genext" failures="0" tests="2" name="mocktest.testcases.AcademicyearsPageTest" time="23.637" errors="0" timestamp="2024-05-06T18:15:55 IST" skipped="0">
  <testcase classname="mocktest.testcases.AcademicyearsPageTest" name="academicyearsPageUrlTest" time="13.935"/>
  <system-out/>
  <testcase classname="mocktest.testcases.AcademicyearsPageTest" name="addacademiccycleBtn" time="9.702"/>
  <system-out/>
</testsuite> <!-- mocktest.testcases.AcademicyearsPageTest -->
