<?xml version="1.0" encoding="UTF-8"?>
<!-- Generated by org.testng.reporters.JUnitReportReporter -->
<testsuite hostname="Omkar-Genext" failures="0" tests="1" name="mocktest.testcases.AddAcademiccyclePageTest" time="12.114" errors="0" timestamp="2024-05-17T17:47:57 IST" skipped="0">
  <testcase classname="mocktest.testcases.AddAcademiccyclePageTest" name="addAcademiccycle" time="12.114"/>
  <system-out/>
</testsuite> <!-- mocktest.testcases.AddAcademiccyclePageTest -->
