<?xml version="1.0" encoding="UTF-8"?>
<!-- Generated by org.testng.reporters.JUnitReportReporter -->
<testsuite hostname="Omkar-Genext" failures="0" tests="1" name="mocktest.testcases.amareTest" time="0.016" errors="0" timestamp="2024-04-03T18:37:18 IST" skipped="0">
  <testcase classname="mocktest.testcases.amareTest" name="url" time="0.016"/>
  <system-out/>
</testsuite> <!-- mocktest.testcases.amareTest -->
