<?xml version="1.0" encoding="UTF-8"?>
<!-- Generated by org.testng.reporters.JUnitReportReporter -->
<testsuite hostname="Omkar-Genext" failures="0" tests="8" name="mocktest.testcases.TestPropageTest" time="165.711" errors="0" timestamp="2024-05-19T11:25:14 IST" skipped="0">
  <testcase classname="mocktest.testcases.TestPropageTest" name="mockExam1Test" time="18.008"/>
  <system-out/>
  <testcase classname="mocktest.testcases.TestPropageTest" name="myPerformanceTest" time="16.275"/>
  <system-out/>
  <testcase classname="mocktest.testcases.TestPropageTest" name="humBurgerTest" time="21.097"/>
  <system-out/>
  <testcase classname="mocktest.testcases.TestPropageTest" name="notiFicationTest" time="21.873"/>
  <system-out/>
  <testcase classname="mocktest.testcases.TestPropageTest" name="testProPageTest" time="13.954"/>
  <system-out/>
  <testcase classname="mocktest.testcases.TestPropageTest" name="bmLogoTest" time="28.688"/>
  <system-out/>
  <testcase classname="mocktest.testcases.TestPropageTest" name="calenderRightTest" time="20.843"/>
  <system-out/>
  <testcase classname="mocktest.testcases.TestPropageTest" name="myPerformanceRightTest" time="24.973"/>
  <system-out/>
</testsuite> <!-- mocktest.testcases.TestPropageTest -->
