<?xml version="1.0" encoding="UTF-8"?>
<!-- Generated by org.testng.reporters.JUnitReportReporter -->
<testsuite hostname="Omkar-Genext" failures="0" tests="1" name="mocktest.testcases.OfferingsPageTest" time="14.887" errors="0" timestamp="2024-05-19T11:25:14 IST" skipped="0">
  <testcase classname="mocktest.testcases.OfferingsPageTest" name="offeringsPageUrlTest" time="14.887"/>
  <system-out/>
</testsuite> <!-- mocktest.testcases.OfferingsPageTest -->
