<?xml version="1.0" encoding="UTF-8"?>
<!-- Generated by org.testng.reporters.JUnitReportReporter -->
<testsuite hostname="Omkar-Genext" failures="0" tests="2" name="mocktest.testcases.AcademicCyclePageTest" time="25.258" errors="0" timestamp="2024-05-19T18:13:10 IST" skipped="0">
  <testcase classname="mocktest.testcases.AcademicCyclePageTest" name="academicCyclePageUrlTest" time="11.939"/>
  <system-out/>
  <testcase classname="mocktest.testcases.AcademicCyclePageTest" name="addacademiccycleBtnTest" time="13.319"/>
  <system-out/>
</testsuite> <!-- mocktest.testcases.AcademicCyclePageTest -->
