<?xml version="1.0" encoding="UTF-8"?>
<!-- Generated by org.testng.reporters.JUnitReportReporter -->
<testsuite hostname="Omkar-Genext" failures="0" tests="2" name="mocktest.testcases.HomePageTest" time="23.852" errors="0" timestamp="2024-05-19T11:25:14 IST" skipped="0">
  <testcase classname="mocktest.testcases.HomePageTest" name="homePageUrlTest" time="11.634"/>
  <system-out/>
  <testcase classname="mocktest.testcases.HomePageTest" name="testProLinkTest" time="12.218"/>
  <system-out/>
</testsuite> <!-- mocktest.testcases.HomePageTest -->
