<?xml version="1.0" encoding="UTF-8"?>
<!-- Generated by org.testng.reporters.JUnitReportReporter -->
<testsuite hostname="Omkar-Genext" failures="0" tests="1" name="mocktest.testcases.LoginTest" time="11.894" errors="0" timestamp="2024-05-19T11:25:14 IST" skipped="0">
  <testcase classname="mocktest.testcases.LoginTest" name="loginTest" time="11.894"/>
  <system-out/>
</testsuite> <!-- mocktest.testcases.LoginTest -->
